SF:lib/model/adresse.dart
DA:9,3
DA:15,3
DA:17,3
DA:18,9
DA:19,9
DA:20,9
DA:21,9
DA:23,1
DA:24,5
LF:9
LH:9
end_of_record
SF:lib/model/helper/momentprise.dart
DA:1,4
DA:4,2
DA:5,6
LF:3
LH:3
end_of_record
SF:lib/model/helper/civilite.dart
DA:1,6
DA:4,3
DA:5,9
LF:3
LH:3
end_of_record
SF:lib/model/patient.dart
DA:12,1
DA:21,1
DA:22,1
LF:3
LH:3
end_of_record
SF:lib/model/personne.dart
DA:9,2
DA:11,4
DA:13,4
DA:15,4
LF:4
LH:4
end_of_record
SF:lib/model/medicament.dart
DA:14,1
DA:21,1
DA:23,1
DA:24,6
DA:27,1
DA:29,1
DA:30,3
DA:31,3
DA:32,3
DA:33,3
DA:34,3
DA:35,3
DA:36,3
DA:38,1
DA:39,5
DA:40,7
LF:16
LH:16
end_of_record
SF:lib/model/docteur.dart
DA:11,1
DA:19,1
DA:21,1
DA:26,1
DA:28,1
DA:29,3
DA:30,3
DA:31,3
DA:32,3
DA:33,3
DA:34,3
DA:35,3
DA:37,1
DA:39,9
LF:14
LH:14
end_of_record
