SF:lib/model/adresse.dart
DA:9,3
DA:15,2
DA:17,2
DA:18,6
DA:19,6
DA:20,6
DA:21,6
DA:23,0
DA:24,0
LF:9
LH:7
end_of_record
SF:lib/model/helper/momentprise.dart
DA:1,3
DA:4,1
DA:5,3
LF:3
LH:3
end_of_record
SF:lib/model/helper/civilite.dart
DA:1,5
DA:4,2
DA:5,6
LF:3
LH:3
end_of_record
SF:lib/model/patient.dart
DA:12,1
DA:21,1
DA:22,1
LF:3
LH:3
end_of_record
SF:lib/model/personne.dart
DA:9,2
DA:11,2
DA:13,2
DA:15,2
LF:4
LH:4
end_of_record
SF:lib/model/medicament.dart
DA:14,1
DA:21,1
DA:23,1
DA:24,6
DA:27,1
DA:29,1
DA:30,3
DA:31,3
DA:32,3
DA:33,3
DA:34,3
DA:35,3
DA:36,3
DA:38,1
DA:39,5
DA:40,4
LF:16
LH:16
end_of_record
SF:lib/model/docteur.dart
DA:9,1
DA:16,1
DA:18,1
LF:3
LH:3
end_of_record
